Loading MNIST...
Training: 60000 examples/epoch, 25 epochs, lr=0.050
Initial test accuracy: 10.08%
epoch 1: mean loss 0.3871, test accuracy 92.17%
epoch 2: mean loss 0.2881, test accuracy 92.60%
epoch 3: mean loss 0.2661, test accuracy 94.07%
epoch 4: mean loss 0.2448, test accuracy 94.15%
epoch 5: mean loss 0.2376, test accuracy 94.00%
epoch 6: mean loss 0.2267, test accuracy 91.93%
epoch 7: mean loss 0.2159, test accuracy 94.81%
epoch 8: mean loss 0.2155, test accuracy 92.93%
epoch 9: mean loss 0.2143, test accuracy 94.51%
epoch 10: mean loss 0.1994, test accuracy 94.04%
epoch 11: mean loss 0.1916, test accuracy 94.28%
epoch 12: mean loss 0.1988, test accuracy 94.13%
epoch 13: mean loss 0.2112, test accuracy 93.21%
epoch 14: mean loss 0.1894, test accuracy 94.22%
epoch 15: mean loss 0.1795, test accuracy 93.64%
epoch 16: mean loss 0.1699, test accuracy 94.59%
epoch 17: mean loss 0.1739, test accuracy 94.63%
epoch 18: mean loss 0.1564, test accuracy 94.60%
epoch 19: mean loss 0.1587, test accuracy 94.90%
epoch 20: mean loss 0.1714, test accuracy 94.61%
epoch 21: mean loss 0.1603, test accuracy 95.37%
epoch 22: mean loss 0.1703, test accuracy 95.09%
epoch 23: mean loss 0.1725, test accuracy 94.35%
epoch 24: mean loss 0.1668, test accuracy 95.32%
epoch 25: mean loss 0.1629, test accuracy 95.49%

Matriz de confusão (linha = rótulo real, coluna = previsto):
   969     1     1     0     0     2     0     2     3     2
     1  1120     4     1     1     1     1     0     6     0
     7     3   973     4     5     2     2     9    26     1
     3     0     6   958     2    10     0     5    24     2
     1     0     2     1   938     3     5     0     4    28
     4     0     1    11     0   847     4     2    20     3
    12     3     1     0     2    28   900     0    12     0
     2     7    11     1    14     0     0   964     8    21
     8     1     4    12     6     7     6     0   926     4
     4     5     2     4     7     6     0     3    24   954
Escrito: results/confusion-matrix.csv
